<?xml version="1.0" encoding="UTF-8"?>
<!-- Generated by org.testng.reporters.JUnitReportReporter -->
<testsuite hostname="DESKTOP-AOPBSEG" failures="0" tests="2" name="testngSession.OpenCartTest" time="6.950" errors="0" timestamp="16 Nov 2022 11:55:21 GMT" skipped="0">
  <testcase classname="testngSession.OpenCartTest" name="searchTest" time="6.886"/>
  <testcase classname="testngSession.OpenCartTest" name="pageTitleTest" time="0.064"/>
</testsuite> <!-- testngSession.OpenCartTest -->
