<?xml version="1.0" encoding="UTF-8"?>
<!-- Generated by org.testng.reporters.JUnitReportReporter -->
<testsuite hostname="DESKTOP-AOPBSEG" failures="0" tests="3" name="testngSession.AmazonTest" time="11.988" errors="0" timestamp="16 Nov 2022 11:55:21 GMT" skipped="0">
  <testcase classname="testngSession.AmazonTest" name="pageTitleTest" time="7.215"/>
  <testcase classname="testngSession.AmazonTest" name="searchTest" time="2.849"/>
  <testcase classname="testngSession.AmazonTest" name="logoTest" time="1.924"/>
</testsuite> <!-- testngSession.AmazonTest -->
