<?xml version="1.0" encoding="UTF-8"?>
<!-- Generated by org.testng.reporters.JUnitReportReporter -->
<testsuite hostname="DESKTOP-AOPBSEG" failures="0" tests="1" name="testngSession.AmamzonTesting" time="21.979" errors="0" timestamp="12 Oct 2022 13:48:30 GMT" skipped="0">
  <testcase classname="testngSession.AmamzonTesting" name="pageTitleTest" time="21.979"/>
</testsuite> <!-- testngSession.AmamzonTesting -->
