<?xml version="1.0" encoding="UTF-8"?>
<!-- Generated by org.testng.reporters.JUnitReportReporter -->
<testsuite hostname="DESKTOP-AOPBSEG" failures="0" tests="4" name="testngSession.LogginTestWithDataDriven" time="3.790" errors="0" timestamp="16 Nov 2022 13:05:12 GMT" skipped="0">
  <testcase classname="testngSession.LogginTestWithDataDriven" name="loginNegativeTest" time="0.846"/>
  <testcase classname="testngSession.LogginTestWithDataDriven" name="loginNegativeTest" time="0.632"/>
  <testcase classname="testngSession.LogginTestWithDataDriven" name="loginNegativeTest" time="1.602"/>
  <testcase classname="testngSession.LogginTestWithDataDriven" name="loginNegativeTest" time="0.710"/>
</testsuite> <!-- testngSession.LogginTestWithDataDriven -->
