<?xml version="1.0" encoding="UTF-8"?>
<!-- Generated by org.testng.reporters.JUnitReportReporter -->
<testsuite hostname="DESKTOP-AOPBSEG" failures="0" tests="2" name="testngSession.GoogleTest" time="1.626" errors="0" timestamp="16 Nov 2022 11:55:21 GMT" skipped="0">
  <testcase classname="testngSession.GoogleTest" name="searchTest" time="1.607"/>
  <testcase classname="testngSession.GoogleTest" name="pageTitleTest" time="0.019"/>
</testsuite> <!-- testngSession.GoogleTest -->
